<?xml version="1.0" encoding="UTF-8"?>
<!-- Generated by org.testng.reporters.JUnitReportReporter -->
<testsuite hostname="DESKTOP-1DLRFCA" failures="0" tests="3" name="com.goPuff.practice.ModifyCustomer" time="0.018" errors="0" timestamp="2022-08-21T00:17:09 IST" skipped="0">
  <testcase classname="com.goPuff.practice.ModifyCustomer" name="createCustomer" time="0.014"/>
  <system-out/>
  <testcase classname="com.goPuff.practice.ModifyCustomer" name="deletecreateCustomer" time="0.002"/>
  <system-out/>
  <testcase classname="com.goPuff.practice.ModifyCustomer" name="modifycreateCustomer" time="0.002"/>
  <system-out/>
</testsuite> <!-- com.goPuff.practice.ModifyCustomer -->
