<?xml version="1.0" encoding="UTF-8"?>
<!-- Generated by org.testng.reporters.JUnitReportReporter -->
<testsuite hostname="DESKTOP-1DLRFCA" failures="0" tests="3" name="com.goPuff.testng.ModifyCustomer" time="0.010" errors="0" timestamp="2022-08-19T15:17:34 IST" skipped="0">
  <testcase classname="com.goPuff.testng.ModifyCustomer" name="createCustomer" time="0.002"/>
  <system-out/>
  <testcase classname="com.goPuff.testng.ModifyCustomer" name="modifycreateCustomer" time="0.004"/>
  <system-out/>
  <testcase classname="com.goPuff.testng.ModifyCustomer" name="deletecreateCustomer" time="0.004"/>
  <system-out/>
</testsuite> <!-- com.goPuff.testng.ModifyCustomer -->
