<?xml version="1.0" encoding="UTF-8"?>
<!-- Generated by org.testng.reporters.JUnitReportReporter -->
<testsuite hostname="DESKTOP-1DLRFCA" failures="0" tests="1" name="com.goPuff.register.DeleteButtonInCartTest" time="8.971" errors="0" timestamp="2022-08-19T16:27:39 IST" skipped="0">
  <testcase classname="com.goPuff.register.DeleteButtonInCartTest" name="verifydeleteButtonInCart" time="8.971"/>
  <system-out/>
</testsuite> <!-- com.goPuff.register.DeleteButtonInCartTest -->
