<?xml version="1.0" encoding="UTF-8"?>
<!-- Generated by org.testng.reporters.JUnitReportReporter -->
<testsuite hostname="DESKTOP-1DLRFCA" failures="0" tests="3" name="com.goPuff.practice.CreateTest" time="0.010" errors="0" timestamp="2022-08-21T00:17:09 IST" skipped="0">
  <testcase classname="com.goPuff.practice.CreateTest" name="createCustomer" time="0.003"/>
  <system-out/>
  <testcase classname="com.goPuff.practice.CreateTest" name="modifycreateCustomer" time="0.002"/>
  <system-out/>
  <testcase classname="com.goPuff.practice.CreateTest" name="deletecreateCustomer" time="0.005"/>
  <system-out/>
</testsuite> <!-- com.goPuff.practice.CreateTest -->
