<?xml version="1.0" encoding="UTF-8"?>
<!-- Generated by org.testng.reporters.JUnitReportReporter -->
<testsuite hostname="DESKTOP-1DLRFCA" failures="0" tests="1" name="com.goPuff.testng.DeleteButtonInCartTest" time="5.163" errors="0" timestamp="2022-08-25T17:28:30 IST" skipped="0">
  <testcase classname="com.goPuff.testng.DeleteButtonInCartTest" name="verifydeleteButtonInCart" time="5.163"/>
  <system-out/>
</testsuite> <!-- com.goPuff.testng.DeleteButtonInCartTest -->
