<?xml version="1.0" encoding="UTF-8"?>
<!-- Generated by org.testng.reporters.JUnitReportReporter -->
<testsuite hostname="DESKTOP-1DLRFCA" failures="0" tests="6" name="com.goPuff.testng.DeleteTest" time="0.048" errors="0" timestamp="2022-08-19T16:17:40 IST" skipped="0">
  <testcase classname="com.goPuff.testng.DeleteTest" name="createCustomer" time="0.017"/>
  <system-out/>
  <testcase classname="com.goPuff.testng.DeleteTest" name="deletecreateCustomer" time="0.003"/>
  <system-out/>
  <testcase classname="com.goPuff.testng.DeleteTest" name="deletecreateCustomer" time="0.002"/>
  <system-out/>
  <testcase classname="com.goPuff.testng.DeleteTest" name="modifycreateCustomer" time="0.004"/>
  <system-out/>
  <testcase classname="com.goPuff.testng.DeleteTest" name="createCustomer" time="0.019"/>
  <system-out/>
  <testcase classname="com.goPuff.testng.DeleteTest" name="modifycreateCustomer" time="0.003"/>
  <system-out/>
</testsuite> <!-- com.goPuff.testng.DeleteTest -->
