<?xml version="1.0" encoding="UTF-8"?>
<!-- Generated by org.testng.reporters.JUnitReportReporter -->
<testsuite hostname="DESKTOP-1DLRFCA" failures="0" tests="3" name="com.goPuff.practice.DeleteTest" time="0.018" errors="0" timestamp="2022-08-21T00:20:27 IST" skipped="0">
  <testcase classname="com.goPuff.practice.DeleteTest" name="deletecreateCustomer" time="0.003"/>
  <system-out/>
  <testcase classname="com.goPuff.practice.DeleteTest" name="createCustomer" time="0.013"/>
  <system-out/>
  <testcase classname="com.goPuff.practice.DeleteTest" name="modifycreateCustomer" time="0.002"/>
  <system-out/>
</testsuite> <!-- com.goPuff.practice.DeleteTest -->
