<?xml version="1.0" encoding="UTF-8"?>
<!-- Generated by org.testng.reporters.JUnitReportReporter -->
<testsuite hostname="DESKTOP-1DLRFCA" failures="0" tests="1" name="com.goPuff.testng.CreateTest" time="0.010" errors="0" timestamp="2022-08-22T18:05:37 IST" skipped="0">
  <testcase classname="com.goPuff.testng.CreateTest" name="modifycreateCustomer" time="0.010"/>
  <system-out/>
</testsuite> <!-- com.goPuff.testng.CreateTest -->
